<?xml version="1.0" encoding="UTF-8" ?>
<testsuite errors="0" failures="0" hostname="LAPTOP-G5SUSDIG" name="HitTest" skipped="0" tests="4" time="0.161" timestamp="2024-05-15T12:35:35">
  <properties>
[...]
</properties>
  <testcase classname="HitTest" name="testBoundaryCases" time="0.008" />
  <testcase classname="HitTest" name="testDifferentRValues" time="0.0" />
  <testcase classname="HitTest" name="testOutsideCases" time="0.0" />
  <testcase classname="HitTest" name="testInsideCases" time="0.0" />
  <system-out><![CDATA[-0.5
1
0
1
-0.5
1
-1
2
0
2
-2
2
2
2
-0.5
0.5
0
0.5
-1
0.5
1
0.5
-1
1
1
1
-1
1
-0.25
1
0.25
1
-0.25
1
]]></system-out>
  <system-err><![CDATA[]]></system-err>
</testsuite>
